#
# There is insufficient memory for the Java Runtime Environment to continue.
# Native memory allocation (malloc) failed to allocate 71856 bytes for Chunk::new
# Possible reasons:
#   The system is out of physical RAM or swap space
#   In 32 bit mode, the process size limit was hit
# Possible solutions:
#   Reduce memory load on the system
#   Increase physical memory or swap space
#   Check if swap backing store is full
#   Use 64 bit Java on a 64 bit OS
#   Decrease Java heap size (-Xmx/-Xms)
#   Decrease number of Java threads
#   Decrease Java thread stack sizes (-Xss)
#   Set larger code cache with -XX:ReservedCodeCacheSize=
# This output file may be truncated or incomplete.
#
#  Out of Memory Error (allocation.cpp:390), pid=127032, tid=120588
#
# JRE version: Java(TM) SE Runtime Environment (8.0_25-b18) (build 1.8.0_25-b18)
# Java VM: Java HotSpot(TM) 64-Bit Server VM (25.25-b02 mixed mode windows-amd64 compressed oops)
# Failed to write core dump. Minidumps are not enabled by default on client versions of Windows
#

---------------  T H R E A D  ---------------

Current thread (0x000000001e214000):  JavaThread "C2 CompilerThread1" daemon [_thread_in_native, id=120588, stack(0x000000001f860000,0x000000001f960000)]

Stack: [0x000000001f860000,0x000000001f960000]
Native frames: (J=compiled Java code, j=interpreted, Vv=VM code, C=native code)
V  [jvm.dll+0x31667a]
V  [jvm.dll+0x267073]
V  [jvm.dll+0x267cb3]
V  [jvm.dll+0x25f5b5]
V  [jvm.dll+0xbf165]
V  [jvm.dll+0xbf60c]
V  [jvm.dll+0x478fbc]
V  [jvm.dll+0x4463eb]
V  [jvm.dll+0x45130e]
V  [jvm.dll+0x4538f8]
V  [jvm.dll+0x437372]
V  [jvm.dll+0x98a02]
V  [jvm.dll+0x991f3]
V  [jvm.dll+0x22bde4]
V  [jvm.dll+0x2852fa]
C  [msvcr100.dll+0x21d9f]
C  [msvcr100.dll+0x21e3b]
C  [KERNEL32.DLL+0x12d34]
C  [ntdll.dll+0x50c51]


Current CompileTask:
C2:36525569 3769       4       javax.swing.RepaintManager::getVolatileOffscreenBuffer (243 bytes)


---------------  P R O C E S S  ---------------

Java Threads: ( => current thread )
  0x00000000236fd000 JavaThread "TimerQueue" daemon [_thread_blocked, id=54004, stack(0x0000000033870000,0x0000000033970000)]
  0x00000000236fc000 JavaThread "D3D Screen Updater" daemon [_thread_blocked, id=16300, stack(0x00000000304a0000,0x00000000305a0000)]
  0x00000000236fa000 JavaThread "parser" [_thread_blocked, id=112548, stack(0x000000002eac0000,0x000000002ebc0000)]
  0x00000000236f5800 JavaThread "parser" [_thread_blocked, id=144296, stack(0x000000002e9c0000,0x000000002eac0000)]
  0x00000000236f7800 JavaThread "parser" [_thread_blocked, id=96248, stack(0x000000002e8c0000,0x000000002e9c0000)]
  0x00000000236f7000 JavaThread "parser" [_thread_blocked, id=29324, stack(0x000000002e7c0000,0x000000002e8c0000)]
  0x00000000236fa800 JavaThread "parser" [_thread_blocked, id=47564, stack(0x000000002e6c0000,0x000000002e7c0000)]
  0x00000000236f9000 JavaThread "parser" [_thread_blocked, id=68196, stack(0x000000002e5c0000,0x000000002e6c0000)]
  0x00000000236f4800 JavaThread "parser" [_thread_blocked, id=113032, stack(0x000000002e4c0000,0x000000002e5c0000)]
  0x00000000236f8800 JavaThread "parser" [_thread_blocked, id=73816, stack(0x000000002e3c0000,0x000000002e4c0000)]
  0x00000000226d7800 JavaThread "parser" [_thread_blocked, id=101624, stack(0x000000002e2c0000,0x000000002e3c0000)]
  0x00000000226d6000 JavaThread "parser" [_thread_blocked, id=87168, stack(0x000000002e1c0000,0x000000002e2c0000)]
  0x00000000226da800 JavaThread "parser" [_thread_blocked, id=105988, stack(0x000000002e0c0000,0x000000002e1c0000)]
  0x00000000226db000 JavaThread "parser" [_thread_blocked, id=28064, stack(0x000000002dfc0000,0x000000002e0c0000)]
  0x00000000226d9800 JavaThread "parser" [_thread_blocked, id=61804, stack(0x000000002dec0000,0x000000002dfc0000)]
  0x00000000226d9000 JavaThread "parser" [_thread_blocked, id=140556, stack(0x000000002ddc0000,0x000000002dec0000)]
  0x00000000226d5000 JavaThread "parser" [_thread_blocked, id=37020, stack(0x000000002dcc0000,0x000000002ddc0000)]
  0x00000000226d4800 JavaThread "parser" [_thread_blocked, id=66840, stack(0x000000002dbc0000,0x000000002dcc0000)]
  0x00000000226d8000 JavaThread "parser" [_thread_blocked, id=126740, stack(0x000000002dac0000,0x000000002dbc0000)]
  0x00000000226d6800 JavaThread "parser" [_thread_blocked, id=110312, stack(0x000000002d9c0000,0x000000002dac0000)]
  0x0000000023621000 JavaThread "parser" [_thread_blocked, id=122192, stack(0x000000002d8c0000,0x000000002d9c0000)]
  0x00000000227c3000 JavaThread "parser" [_thread_blocked, id=77328, stack(0x000000002d7c0000,0x000000002d8c0000)]
  0x000000002043b800 JavaThread "AWT-EventQueue-0" [_thread_blocked, id=98960, stack(0x0000000026f30000,0x0000000027030000)]
  0x0000000022131800 JavaThread "AWT-Shutdown" [_thread_blocked, id=28068, stack(0x0000000026e30000,0x0000000026f30000)]
  0x0000000022130800 JavaThread "QFJ Message Processor" daemon [_thread_blocked, id=97020, stack(0x0000000026d30000,0x0000000026e30000)]
  0x000000002212f800 JavaThread "QFJ Timer" daemon [_thread_blocked, id=69688, stack(0x0000000026c30000,0x0000000026d30000)]
  0x0000000021e28000 JavaThread "Timer-0" [_thread_blocked, id=39848, stack(0x0000000022ca0000,0x0000000022da0000)]
  0x000000001ff41000 JavaThread "AWT-Windows" daemon [_thread_in_native, id=111544, stack(0x0000000020890000,0x0000000020990000)]
  0x000000001ff40000 JavaThread "Java2D Disposer" daemon [_thread_blocked, id=42776, stack(0x0000000020690000,0x0000000020790000)]
  0x000000001e29f000 JavaThread "Service Thread" daemon [_thread_blocked, id=68788, stack(0x000000001fb60000,0x000000001fc60000)]
  0x000000001e21b000 JavaThread "C1 CompilerThread3" daemon [_thread_in_vm, id=113176, stack(0x000000001fa60000,0x000000001fb60000)]
  0x000000001e219800 JavaThread "C2 CompilerThread2" daemon [_thread_in_native, id=149496, stack(0x000000001f960000,0x000000001fa60000)]
=>0x000000001e214000 JavaThread "C2 CompilerThread1" daemon [_thread_in_native, id=120588, stack(0x000000001f860000,0x000000001f960000)]
  0x000000001e20a800 JavaThread "C2 CompilerThread0" daemon [_thread_blocked, id=72928, stack(0x000000001f760000,0x000000001f860000)]
  0x000000001e208800 JavaThread "Attach Listener" daemon [_thread_blocked, id=100828, stack(0x000000001f660000,0x000000001f760000)]
  0x000000001e207800 JavaThread "Signal Dispatcher" daemon [_thread_blocked, id=121824, stack(0x000000001f560000,0x000000001f660000)]
  0x0000000002f8c000 JavaThread "Finalizer" daemon [_thread_blocked, id=133812, stack(0x000000001f460000,0x000000001f560000)]
  0x0000000002f85000 JavaThread "Reference Handler" daemon [_thread_blocked, id=29100, stack(0x000000001f360000,0x000000001f460000)]
  0x0000000002d1e000 JavaThread "main" [_thread_blocked, id=102512, stack(0x0000000002d90000,0x0000000002e90000)]

Other Threads:
  0x000000001cb34800 VMThread [stack: 0x000000001f260000,0x000000001f360000] [id=144712]
  0x000000001e2a2000 WatcherThread [stack: 0x000000001fc60000,0x000000001fd60000] [id=63200]

VM state:synchronizing (normal execution)

VM Mutex/Monitor currently owned by a thread:  ([mutex/lock_event])
[0x0000000002d1d3e0] Threads_lock - owner thread: 0x000000001cb34800
[0x0000000002e912d0] Compile_lock - owner thread: 0x000000001e21b000

Heap:
 PSYoungGen      total 62976K, used 20914K [0x000000076bb00000, 0x000000076fa00000, 0x00000007c0000000)
  eden space 61440K, 31% used [0x000000076bb00000,0x000000076ce0c928,0x000000076f700000)
  from space 1536K, 91% used [0x000000076f700000,0x000000076f860000,0x000000076f880000)
  to   space 1536K, 0% used [0x000000076f880000,0x000000076f880000,0x000000076fa00000)
 ParOldGen       total 397312K, used 62560K [0x00000006c3000000, 0x00000006db400000, 0x000000076bb00000)
  object space 397312K, 15% used [0x00000006c3000000,0x00000006c6d18038,0x00000006db400000)
 Metaspace       used 75973K, capacity 76206K, committed 76544K, reserved 1118208K
  class space    used 7041K, capacity 7100K, committed 7168K, reserved 1048576K

Card table byte_map: [0x0000000012350000,0x0000000012b40000] byte_map_base: 0x000000000ed38000

Marking Bits: (ParMarkBitMap*) 0x000000007164d490
 Begin Bits: [0x0000000013a90000, 0x00000000179d0000)
 End Bits:   [0x00000000179d0000, 0x000000001b910000)

Polling page: 0x0000000002c90000

CodeCache: size=245760Kb used=10094Kb max_used=10859Kb free=235665Kb
 bounds [0x0000000002f90000, 0x0000000003a90000, 0x0000000011f90000]
 total_blobs=3547 nmethods=2991 adapters=467
 compilation: enabled

Compilation events (10 events):
Event: 36520.392 Thread 0x000000001e21b000 nmethod 3767 0x00000000032a2850 code [0x00000000032a2b80, 0x00000000032a4688]
Event: 36520.639 Thread 0x000000001e20a800 nmethod 3771 0x0000000003842890 code [0x00000000038429e0, 0x0000000003842c18]
Event: 36520.647 Thread 0x000000001e20a800 3772       4       java.awt.image.VolatileImage::getGraphics (5 bytes)
Event: 36520.649 Thread 0x000000001e20a800 nmethod 3772 0x0000000003700d50 code [0x0000000003700ea0, 0x0000000003701028]
Event: 36520.714 Thread 0x000000001e20a800 3773       4       sun.java2d.d3d.D3DVolatileSurfaceManager::isConfigValid (21 bytes)
Event: 36520.719 Thread 0x000000001e20a800 nmethod 3773 0x00000000034b5c90 code [0x00000000034b5dc0, 0x00000000034b5e78]
Event: 36520.730 Thread 0x000000001e21b000 3770       2       javax.swing.RepaintManager$PaintManager::getValidImage (24 bytes)
Event: 36520.731 Thread 0x000000001e21b000 nmethod 3770 0x0000000003843810 code [0x0000000003843980, 0x0000000003843b78]
Event: 36520.760 Thread 0x000000001e20a800 3774   !   4       javax.swing.RepaintManager::getDoubleBufferMaximumSize (110 bytes)
Event: 36520.785 Thread 0x000000001e20a800 nmethod 3774 0x00000000034c83d0 code [0x00000000034c8500, 0x00000000034c8578]

GC Heap History (10 events):
Event: 36241.728 GC heap before
{Heap before GC invocations=558 (full 3):
 PSYoungGen      total 62976K, used 62848K [0x000000076bb00000, 0x000000076fa00000, 0x00000007c0000000)
  eden space 61440K, 100% used [0x000000076bb00000,0x000000076f700000,0x000000076f700000)
  from space 1536K, 91% used [0x000000076f880000,0x000000076f9e0000,0x000000076fa00000)
  to   space 1536K, 0% used [0x000000076f700000,0x000000076f700000,0x000000076f880000)
 ParOldGen       total 397312K, used 62560K [0x00000006c3000000, 0x00000006db400000, 0x000000076bb00000)
  object space 397312K, 15% used [0x00000006c3000000,0x00000006c6d18038,0x00000006db400000)
 Metaspace       used 75970K, capacity 76206K, committed 76544K, reserved 1118208K
  class space    used 7041K, capacity 7100K, committed 7168K, reserved 1048576K
Event: 36241.731 GC heap after
Heap after GC invocations=558 (full 3):
 PSYoungGen      total 62976K, used 1440K [0x000000076bb00000, 0x000000076fa00000, 0x00000007c0000000)
  eden space 61440K, 0% used [0x000000076bb00000,0x000000076bb00000,0x000000076f700000)
  from space 1536K, 93% used [0x000000076f700000,0x000000076f868000,0x000000076f880000)
  to   space 1536K, 0% used [0x000000076f880000,0x000000076f880000,0x000000076fa00000)
 ParOldGen       total 397312K, used 62560K [0x00000006c3000000, 0x00000006db400000, 0x000000076bb00000)
  object space 397312K, 15% used [0x00000006c3000000,0x00000006c6d18038,0x00000006db400000)
 Metaspace       used 75970K, capacity 76206K, committed 76544K, reserved 1118208K
  class space    used 7041K, capacity 7100K, committed 7168K, reserved 1048576K
}
Event: 36306.391 GC heap before
{Heap before GC invocations=559 (full 3):
 PSYoungGen      total 62976K, used 62880K [0x000000076bb00000, 0x000000076fa00000, 0x00000007c0000000)
  eden space 61440K, 100% used [0x000000076bb00000,0x000000076f700000,0x000000076f700000)
  from space 1536K, 93% used [0x000000076f700000,0x000000076f868000,0x000000076f880000)
  to   space 1536K, 0% used [0x000000076f880000,0x000000076f880000,0x000000076fa00000)
 ParOldGen       total 397312K, used 62560K [0x00000006c3000000, 0x00000006db400000, 0x000000076bb00000)
  object space 397312K, 15% used [0x00000006c3000000,0x00000006c6d18038,0x00000006db400000)
 Metaspace       used 75970K, capacity 76206K, committed 76544K, reserved 1118208K
  class space    used 7041K, capacity 7100K, committed 7168K, reserved 1048576K
Event: 36306.394 GC heap after
Heap after GC invocations=559 (full 3):
 PSYoungGen      total 62976K, used 1408K [0x000000076bb00000, 0x000000076fa00000, 0x00000007c0000000)
  eden space 61440K, 0% used [0x000000076bb00000,0x000000076bb00000,0x000000076f700000)
  from space 1536K, 91% used [0x000000076f880000,0x000000076f9e0000,0x000000076fa00000)
  to   space 1536K, 0% used [0x000000076f700000,0x000000076f700000,0x000000076f880000)
 ParOldGen       total 397312K, used 62560K [0x00000006c3000000, 0x00000006db400000, 0x000000076bb00000)
  object space 397312K, 15% used [0x00000006c3000000,0x00000006c6d18038,0x00000006db400000)
 Metaspace       used 75970K, capacity 76206K, committed 76544K, reserved 1118208K
  class space    used 7041K, capacity 7100K, committed 7168K, reserved 1048576K
}
Event: 36371.103 GC heap before
{Heap before GC invocations=560 (full 3):
 PSYoungGen      total 62976K, used 62848K [0x000000076bb00000, 0x000000076fa00000, 0x00000007c0000000)
  eden space 61440K, 100% used [0x000000076bb00000,0x000000076f700000,0x000000076f700000)
  from space 1536K, 91% used [0x000000076f880000,0x000000076f9e0000,0x000000076fa00000)
  to   space 1536K, 0% used [0x000000076f700000,0x000000076f700000,0x000000076f880000)
 ParOldGen       total 397312K, used 62560K [0x00000006c3000000, 0x00000006db400000, 0x000000076bb00000)
  object space 397312K, 15% used [0x00000006c3000000,0x00000006c6d18038,0x00000006db400000)
 Metaspace       used 75970K, capacity 76206K, committed 76544K, reserved 1118208K
  class space    used 7041K, capacity 7100K, committed 7168K, reserved 1048576K
Event: 36371.112 GC heap after
Heap after GC invocations=560 (full 3):
 PSYoungGen      total 62976K, used 1440K [0x000000076bb00000, 0x000000076fa00000, 0x00000007c0000000)
  eden space 61440K, 0% used [0x000000076bb00000,0x000000076bb00000,0x000000076f700000)
  from space 1536K, 93% used [0x000000076f700000,0x000000076f868000,0x000000076f880000)
  to   space 1536K, 0% used [0x000000076f880000,0x000000076f880000,0x000000076fa00000)
 ParOldGen       total 397312K, used 62560K [0x00000006c3000000, 0x00000006db400000, 0x000000076bb00000)
  object space 397312K, 15% used [0x00000006c3000000,0x00000006c6d18038,0x00000006db400000)
 Metaspace       used 75970K, capacity 76206K, committed 76544K, reserved 1118208K
  class space    used 7041K, capacity 7100K, committed 7168K, reserved 1048576K
}
Event: 36436.014 GC heap before
{Heap before GC invocations=561 (full 3):
 PSYoungGen      total 62976K, used 62880K [0x000000076bb00000, 0x000000076fa00000, 0x00000007c0000000)
  eden space 61440K, 100% used [0x000000076bb00000,0x000000076f700000,0x000000076f700000)
  from space 1536K, 93% used [0x000000076f700000,0x000000076f868000,0x000000076f880000)
  to   space 1536K, 0% used [0x000000076f880000,0x000000076f880000,0x000000076fa00000)
 ParOldGen       total 397312K, used 62560K [0x00000006c3000000, 0x00000006db400000, 0x000000076bb00000)
  object space 397312K, 15% used [0x00000006c3000000,0x00000006c6d18038,0x00000006db400000)
 Metaspace       used 75970K, capacity 76206K, committed 76544K, reserved 1118208K
  class space    used 7041K, capacity 7100K, committed 7168K, reserved 1048576K
Event: 36436.018 GC heap after
Heap after GC invocations=561 (full 3):
 PSYoungGen      total 62976K, used 1408K [0x000000076bb00000, 0x000000076fa00000, 0x00000007c0000000)
  eden space 61440K, 0% used [0x000000076bb00000,0x000000076bb00000,0x000000076f700000)
  from space 1536K, 91% used [0x000000076f880000,0x000000076f9e0000,0x000000076fa00000)
  to   space 1536K, 0% used [0x000000076f700000,0x000000076f700000,0x000000076f880000)
 ParOldGen       total 397312K, used 62560K [0x00000006c3000000, 0x00000006db400000, 0x000000076bb00000)
  object space 397312K, 15% used [0x00000006c3000000,0x00000006c6d18038,0x00000006db400000)
 Metaspace       used 75970K, capacity 76206K, committed 76544K, reserved 1118208K
  class space    used 7041K, capacity 7100K, committed 7168K, reserved 1048576K
}
Event: 36506.194 GC heap before
{Heap before GC invocations=562 (full 3):
 PSYoungGen      total 62976K, used 62848K [0x000000076bb00000, 0x000000076fa00000, 0x00000007c0000000)
  eden space 61440K, 100% used [0x000000076bb00000,0x000000076f700000,0x000000076f700000)
  from space 1536K, 91% used [0x000000076f880000,0x000000076f9e0000,0x000000076fa00000)
  to   space 1536K, 0% used [0x000000076f700000,0x000000076f700000,0x000000076f880000)
 ParOldGen       total 397312K, used 62560K [0x00000006c3000000, 0x00000006db400000, 0x000000076bb00000)
  object space 397312K, 15% used [0x00000006c3000000,0x00000006c6d18038,0x00000006db400000)
 Metaspace       used 75970K, capacity 76206K, committed 76544K, reserved 1118208K
  class space    used 7041K, capacity 7100K, committed 7168K, reserved 1048576K
Event: 36506.198 GC heap after
Heap after GC invocations=562 (full 3):
 PSYoungGen      total 62976K, used 1408K [0x000000076bb00000, 0x000000076fa00000, 0x00000007c0000000)
  eden space 61440K, 0% used [0x000000076bb00000,0x000000076bb00000,0x000000076f700000)
  from space 1536K, 91% used [0x000000076f700000,0x000000076f860000,0x000000076f880000)
  to   space 1536K, 0% used [0x000000076f880000,0x000000076f880000,0x000000076fa00000)
 ParOldGen       total 397312K, used 62560K [0x00000006c3000000, 0x00000006db400000, 0x000000076bb00000)
  object space 397312K, 15% used [0x00000006c3000000,0x00000006c6d18038,0x00000006db400000)
 Metaspace       used 75970K, capacity 76206K, committed 76544K, reserved 1118208K
  class space    used 7041K, capacity 7100K, committed 7168K, reserved 1048576K
}

Deoptimization events (10 events):
Event: 9337.761 Thread 0x000000002043b800 Uncommon trap: reason=unreached action=reinterpret pc=0x000000000331caa4 method=javax.swing.RepaintManager.nativeAddDirtyRegion(Lsun/awt/AppContext;Ljava/awt/Container;IIII)V @ 32
Event: 10652.249 Thread 0x00000000236fd000 Uncommon trap: reason=unreached action=reinterpret pc=0x0000000003214780 method=sun.awt.PostEventQueue.flush()V @ 23
Event: 13899.387 Thread 0x000000002043b800 Uncommon trap: reason=class_check action=maybe_recompile pc=0x00000000035e70e0 method=javax.swing.RepaintManager.paintDirtyRegions(Ljava/util/Map;)V @ 110
Event: 15721.263 Thread 0x0000000002f85000 Uncommon trap: reason=unreached action=reinterpret pc=0x00000000032ee200 method=java.lang.ref.Reference$ReferenceHandler.run()V @ 90
Event: 19065.264 Thread 0x000000002212f800 Uncommon trap: reason=unreached action=reinterpret pc=0x00000000039e96d4 method=java.util.concurrent.ScheduledThreadPoolExecutor$DelayedWorkQueue.offer(Ljava/lang/Runnable;)Z @ 89
Event: 19207.104 Thread 0x000000002043b800 Uncommon trap: reason=class_check action=maybe_recompile pc=0x00000000035e70e0 method=javax.swing.RepaintManager.paintDirtyRegions(Ljava/util/Map;)V @ 110
Event: 25316.170 Thread 0x000000002043b800 Uncommon trap: reason=class_check action=maybe_recompile pc=0x00000000035e70e0 method=javax.swing.RepaintManager.paintDirtyRegions(Ljava/util/Map;)V @ 110
Event: 25346.467 Thread 0x000000002043b800 Uncommon trap: reason=class_check action=maybe_recompile pc=0x000000000381b410 method=sun.java2d.Disposer.add(Ljava/lang/Object;Lsun/java2d/DisposerRecord;)V @ 1
Event: 30690.776 Thread 0x000000002043b800 Uncommon trap: reason=class_check action=maybe_recompile pc=0x00000000035e70e0 method=javax.swing.RepaintManager.paintDirtyRegions(Ljava/util/Map;)V @ 110
Event: 36515.843 Thread 0x000000002043b800 Uncommon trap: reason=unreached action=reinterpret pc=0x0000000003a81174 method=sun.awt.image.VolatileSurfaceManager.validate(Ljava/awt/GraphicsConfiguration;)I @ 180

Internal exceptions (10 events):
Event: 4.008 Thread 0x000000002043b800 Exception <a 'java/security/PrivilegedActionException'> (0x000000076d30e720) thrown at [D:\re\workspace\8-2-build-windows-amd64-cygwin\jdk8u25\1677\hotspot\src\share\vm\prims\jvm.cpp, line 1312]
Event: 4.009 Thread 0x000000002043b800 Exception <a 'java/security/PrivilegedActionException'> (0x000000076d318848) thrown at [D:\re\workspace\8-2-build-windows-amd64-cygwin\jdk8u25\1677\hotspot\src\share\vm\prims\jvm.cpp, line 1312]
Event: 4.010 Thread 0x000000002043b800 Exception <a 'java/security/PrivilegedActionException'> (0x000000076d31d7b8) thrown at [D:\re\workspace\8-2-build-windows-amd64-cygwin\jdk8u25\1677\hotspot\src\share\vm\prims\jvm.cpp, line 1312]
Event: 4.011 Thread 0x000000002043b800 Exception <a 'java/security/PrivilegedActionException'> (0x000000076d320a90) thrown at [D:\re\workspace\8-2-build-windows-amd64-cygwin\jdk8u25\1677\hotspot\src\share\vm\prims\jvm.cpp, line 1312]
Event: 4.130 Thread 0x000000002043b800 Exception <a 'java/io/FileNotFoundException'> (0x000000076d48d660) thrown at [D:\re\workspace\8-2-build-windows-amd64-cygwin\jdk8u25\1677\hotspot\src\share\vm\prims\jni.cpp, line 716]
Event: 4.138 Thread 0x000000002043b800 Exception <a 'java/io/FileNotFoundException'> (0x000000076d4b5258) thrown at [D:\re\workspace\8-2-build-windows-amd64-cygwin\jdk8u25\1677\hotspot\src\share\vm\prims\jni.cpp, line 716]
Event: 4.200 Thread 0x000000002043b800 Implicit null exception at 0x00000000037728b0 to 0x000000000377290c
Event: 2133.497 Thread 0x000000002043b800 Implicit null exception at 0x00000000034edf18 to 0x00000000034ee2e1
Event: 2134.541 Thread 0x000000002043b800 Implicit null exception at 0x0000000003565781 to 0x00000000035659a5
Event: 5381.253 Thread 0x0000000022130800 Exception <a 'java/security/PrivilegedActionException'> (0x000000076e0558d0) thrown at [D:\re\workspace\8-2-build-windows-amd64-cygwin\jdk8u25\1677\hotspot\src\share\vm\prims\jvm.cpp, line 1312]

Events (10 events):
Event: 36520.794 Thread 0x000000001e21b000 flushing nmethod 0x00000000038bedd0
Event: 36520.794 Thread 0x000000001e21b000 flushing nmethod 0x00000000038c7d50
Event: 36520.810 Thread 0x000000001e21b000 flushing nmethod 0x00000000038cacd0
Event: 36520.819 Thread 0x000000001e21b000 flushing nmethod 0x00000000038d8c10
Event: 36520.819 Thread 0x000000001e21b000 flushing nmethod 0x00000000038dac10
Event: 36520.847 Thread 0x000000001e21b000 flushing nmethod 0x00000000038dbbd0
Event: 36520.848 Thread 0x000000001e21b000 flushing nmethod 0x00000000038e6390
Event: 36520.876 Thread 0x000000001e21b000 flushing nmethod 0x00000000038fa010
Event: 36520.876 Thread 0x000000001e21b000 flushing nmethod 0x00000000038fb290
Event: 36520.876 Thread 0x000000001e21b000 flushing nmethod 0x00000000038fbd90


Dynamic libraries:
0x00007ff761d30000 - 0x00007ff761d64000 	C:\Suffix\SuffixApp\jre\bin\javaw.exe
0x00007fff6a560000 - 0x00007fff6a73b000 	C:\Windows\SYSTEM32\ntdll.dll
0x00007fff6a360000 - 0x00007fff6a40e000 	C:\Windows\System32\KERNEL32.DLL
0x00007fff67330000 - 0x00007fff6757a000 	C:\Windows\System32\KERNELBASE.dll
0x0000000072c00000 - 0x0000000072c95000 	C:\Windows\System32\SYSFER.DLL
0x00007fff680f0000 - 0x00007fff68191000 	C:\Windows\System32\ADVAPI32.dll
0x00007fff686f0000 - 0x00007fff6878d000 	C:\Windows\System32\msvcrt.dll
0x00007fff68670000 - 0x00007fff686c9000 	C:\Windows\System32\sechost.dll
0x00007fff68880000 - 0x00007fff689a5000 	C:\Windows\System32\RPCRT4.dll
0x00007fff6a410000 - 0x00007fff6a55a000 	C:\Windows\System32\USER32.dll
0x00007fff66a80000 - 0x00007fff66a9e000 	C:\Windows\System32\win32u.dll
0x00007fff68790000 - 0x00007fff687b7000 	C:\Windows\System32\GDI32.dll
0x00007fff66aa0000 - 0x00007fff66c28000 	C:\Windows\System32\gdi32full.dll
0x00007fff675f0000 - 0x00007fff6768a000 	C:\Windows\System32\msvcp_win.dll
0x00007fff67740000 - 0x00007fff67834000 	C:\Windows\System32\ucrtbase.dll
0x00007fff53a70000 - 0x00007fff53cd7000 	C:\Windows\WinSxS\amd64_microsoft.windows.common-controls_6595b64144ccf1df_6.0.15063.1868_none_40c84d1729a6da9c\COMCTL32.dll
0x00007fff67df0000 - 0x00007fff680e6000 	C:\Windows\System32\combase.dll
0x00007fff67580000 - 0x00007fff675ea000 	C:\Windows\System32\bcryptPrimitives.dll
0x00007fff6a200000 - 0x00007fff6a208000 	C:\Windows\System32\psapi.dll
0x00007fff68640000 - 0x00007fff6866d000 	C:\Windows\System32\IMM32.DLL
0x00000000716d0000 - 0x00000000717a2000 	C:\Suffix\SuffixApp\jre\bin\msvcr100.dll
0x0000000070e70000 - 0x00000000716ca000 	C:\Suffix\SuffixApp\jre\bin\server\jvm.dll
0x00007fff565e0000 - 0x00007fff565e9000 	C:\Windows\SYSTEM32\WSOCK32.dll
0x00007fff6a0e0000 - 0x00007fff6a14c000 	C:\Windows\System32\WS2_32.dll
0x00007fff636b0000 - 0x00007fff636d3000 	C:\Windows\SYSTEM32\WINMM.dll
0x00007fff63620000 - 0x00007fff6364b000 	C:\Windows\SYSTEM32\WINMMBASE.dll
0x00007fff67a70000 - 0x00007fff67ab9000 	C:\Windows\System32\cfgmgr32.dll
0x0000000072490000 - 0x000000007249f000 	C:\Suffix\SuffixApp\jre\bin\verify.dll
0x00000000718d0000 - 0x00000000718f8000 	C:\Suffix\SuffixApp\jre\bin\java.dll
0x00000000718b0000 - 0x00000000718c6000 	C:\Suffix\SuffixApp\jre\bin\zip.dll
0x00007fff68ca0000 - 0x00007fff6a0d8000 	C:\Windows\System32\SHELL32.dll
0x00007fff689b0000 - 0x00007fff68a5a000 	C:\Windows\System32\shcore.dll
0x00007fff66c30000 - 0x00007fff67321000 	C:\Windows\System32\windows.storage.dll
0x00007fff68bd0000 - 0x00007fff68c21000 	C:\Windows\System32\shlwapi.dll
0x00007fff669f0000 - 0x00007fff66a01000 	C:\Windows\System32\kernel.appcore.dll
0x00007fff66a10000 - 0x00007fff66a5c000 	C:\Windows\System32\powrprof.dll
0x00007fff66a60000 - 0x00007fff66a75000 	C:\Windows\System32\profapi.dll
0x0000000070cd0000 - 0x0000000070e68000 	C:\Suffix\SuffixApp\jre\bin\awt.dll
0x00007fff687c0000 - 0x00007fff68880000 	C:\Windows\System32\OLEAUT32.dll
0x00007fff64e70000 - 0x00007fff64eee000 	C:\Windows\SYSTEM32\apphelp.dll
0x00007fff651f0000 - 0x00007fff65285000 	C:\Windows\system32\uxtheme.dll
0x00007fff68a60000 - 0x00007fff68bc6000 	C:\Windows\System32\MSCTF.dll
0x00007fff63580000 - 0x00007fff635aa000 	C:\Windows\system32\dwmapi.dll
0x00007fff6a210000 - 0x00007fff6a355000 	C:\Windows\System32\ole32.dll
0x0000000070cb0000 - 0x0000000070cca000 	C:\Suffix\SuffixApp\jre\bin\net.dll
0x00007fff66270000 - 0x00007fff662cc000 	C:\Windows\system32\mswsock.dll
0x00007fff66060000 - 0x00007fff66104000 	C:\Windows\SYSTEM32\DNSAPI.dll
0x00007fff68c90000 - 0x00007fff68c98000 	C:\Windows\System32\NSI.dll
0x00007fff66010000 - 0x00007fff66047000 	C:\Windows\SYSTEM32\IPHLPAPI.DLL
0x00007fff623d0000 - 0x00007fff623da000 	C:\Windows\System32\rasadhlp.dll
0x00007fff63800000 - 0x00007fff6386b000 	C:\Windows\System32\fwpuclnt.dll
0x00007fff66900000 - 0x00007fff66925000 	C:\Windows\SYSTEM32\bcrypt.dll
0x00007fff60f90000 - 0x00007fff60fa6000 	C:\Windows\system32\napinsp.dll
0x00007fff61120000 - 0x00007fff6113a000 	C:\Windows\system32\pnrpnsp.dll
0x00007fff62a30000 - 0x00007fff62a48000 	C:\Windows\system32\NLAapi.dll
0x00007fff61310000 - 0x00007fff6131e000 	C:\Windows\System32\winrnr.dll
0x0000000070c90000 - 0x0000000070ca1000 	C:\Suffix\SuffixApp\jre\bin\nio.dll
0x00007fff24de0000 - 0x00007fff24f69000 	C:\Windows\system32\d3d9.dll
0x00007fff26a60000 - 0x00007fff26c37000 	C:\Windows\System32\DriverStore\FileRepository\ki127018.inf_amd64_0f67ff47e9e30716\igdumdim64.dll
0x00007fff17090000 - 0x00007fff1a08d000 	C:\Windows\System32\DriverStore\FileRepository\ki127018.inf_amd64_0f67ff47e9e30716\igd9dxva64.dll
0x00007fff56d70000 - 0x00007fff58b05000 	C:\Windows\System32\DriverStore\FileRepository\ki127018.inf_amd64_0f67ff47e9e30716\igc64.dll
0x0000000070c40000 - 0x0000000070c87000 	C:\Suffix\SuffixApp\jre\bin\fontmanager.dll
0x00007fff635d0000 - 0x00007fff635e6000 	C:\Windows\SYSTEM32\dhcpcsvc6.DLL
0x00007fff635b0000 - 0x00007fff635ca000 	C:\Windows\SYSTEM32\dhcpcsvc.DLL
0x0000000070bf0000 - 0x0000000070c31000 	C:\Suffix\SuffixApp\jre\bin\t2k.dll
0x00007fff6a160000 - 0x00007fff6a1fe000 	C:\Windows\System32\clbcatq.dll
0x00007fff61ec0000 - 0x00007fff6206c000 	C:\Windows\SYSTEM32\WindowsCodecs.dll
0x00007fff44240000 - 0x00007fff44287000 	C:\Windows\system32\dataexchange.dll
0x00007fff63f20000 - 0x00007fff641ff000 	C:\Windows\system32\d3d11.dll
0x00007fff64900000 - 0x00007fff64a23000 	C:\Windows\system32\dcomp.dll
0x00007fff65900000 - 0x00007fff659a4000 	C:\Windows\system32\dxgi.dll
0x00007fff654d0000 - 0x00007fff65640000 	C:\Windows\system32\twinapi.appcore.dll
0x00007fff5c7f0000 - 0x00007fff5c871000 	C:\Windows\System32\TextInputFramework.dll
0x00007fff5c490000 - 0x00007fff5c763000 	C:\Windows\System32\CoreUIComponents.dll
0x00007fff64260000 - 0x00007fff64344000 	C:\Windows\System32\CoreMessaging.dll
0x00007fff65b90000 - 0x00007fff65bc1000 	C:\Windows\SYSTEM32\ntmarta.dll
0x00007fff60160000 - 0x00007fff60299000 	C:\Windows\SYSTEM32\wintypes.dll
0x00007fff60a10000 - 0x00007fff60a25000 	C:\Windows\SYSTEM32\usermgrcli.dll
0x00007fff56970000 - 0x00007fff56a16000 	C:\Windows\WinSxS\amd64_microsoft.windows.common-controls_6595b64144ccf1df_5.82.15063.1058_none_8f5d02a525b8dc20\comctl32.dll
0x00007fff5cec0000 - 0x00007fff5d069000 	C:\Windows\SYSTEM32\dbghelp.dll

VM Arguments:
jvm_args: -DuseSystemLaF=true 
java_command: com.jramoyo.qfixmessenger.QFixMessenger cfg\initiator\messenger.cfg cfg\initiator\quickfix.cfg
java_class_path (initial): cfg\initiator;lib\sufFIX.jar;lib\jaxb-impl.jar;lib\jaxb-xjc.jar;lib\jdom.jar;lib\log4j-1.2.16.jar;lib\mina-core-1.1.7.jar;lib\quickfix.jar;lib\slf4j-api-1.6.1.jar;lib\slf4j-log4j12-1.6.1.jar;lib\substance.jar;lib\sufFIX.jar;lib\tools.jar;lib\trident.jar
Launcher Type: SUN_STANDARD

Environment Variables:
JAVA_TOOL_OPTIONS= 
_JAVA_OPTIONS=  
CLASSPATH=cfg\initiator;lib\sufFIX.jar;lib\*
PATH=C:\Perl64\site\bin;C:\Perl64\bin;C:\Program Files (x86)\Common Files\Oracle\Java\javapath;C:\app\product\11.2.0\client_1\bin;C:\Program Files (x86)\RSA SecurID Token Common;C:\Windows\system32;C:\Windows;C:\Windows\System32\Wbem;C:\Windows\System32\WindowsPowerShell\v1.0\;C:\Program Files (x86)\Enterprise Vault\EVClient\;c:\Program Files (x86)\Microsoft SQL Server\110\Tools\Binn\ManagementStudio\;c:\Program Files (x86)\Microsoft SQL Server\110\Tools\Binn\;c:\Program Files\Microsoft SQL Server\110\Tools\Binn\;c:\Program Files (x86)\Microsoft SQL Server\110\DTS\Binn\;C:\Program Files (x86)\Sennheiser\SoftphoneSDK\;C:\Program Files\PuTTY\;C:\Program Files (x86)\Webex\Webex\Applications;C:\Program Files\Perforce\;C:\Users\mmad\AppData\Local\Microsoft\WindowsApps;
USERNAME=mmad
OS=Windows_NT
PROCESSOR_IDENTIFIER=Intel64 Family 6 Model 158 Stepping 10, GenuineIntel



---------------  S Y S T E M  ---------------

OS: Windows 8.1 , 64 bit Build 9600 

CPU:total 12 (6 cores per cpu, 2 threads per core) family 6 model 158 stepping 10, cmov, cx8, fxsr, mmx, sse, sse2, sse3, ssse3, sse4.1, sse4.2, popcnt, avx, avx2, aes, clmul, erms, rtm, lzcnt, ht, tsc, tscinvbit, bmi1, bmi2

Memory: 4k page, physical 16577576k(329000k free), swap 66909224k(11316k free)

vm_info: Java HotSpot(TM) 64-Bit Server VM (25.25-b02) for windows-amd64 JRE (1.8.0_25-b18), built on Oct  7 2014 14:25:37 by "java_re" with MS VC++ 10.0 (VS2010)

time: Tue Jun 25 03:37:39 2019
elapsed time: 36523 seconds (0d 10h 8m 43s)

